<?xml version="1.0" encoding="UTF-8"?>
<robot generator="Robot 7.1.1 (Python 3.12.0 on win32)" generated="2024-11-04T22:02:15.673096" rpa="false" schemaversion="5">
<suite id="s1" name="Weather Test" source="C:\Users\USER\Desktop\QA Automation\Test-Automation-with-Selenium-for-QA-Python-\Projects List\Project_RobotFramework_API_automation_01\weather_test.robot">
<test id="s1-t1" name="Get Weather Data for Sri Lanka" line="11">
<kw name="Disable Warnings" owner="CustomKeywords">
<status status="PASS" start="2024-11-04T22:02:15.936265" elapsed="0.000000"/>
</kw>
<kw name="Create Weather API Session">
<kw name="Create Session" owner="RequestsLibrary">
<msg time="2024-11-04T22:02:15.936732" level="INFO">Creating Session using : alias=weather_api, url=https://api.openweathermap.org, headers={},                     cookies={}, auth=None, timeout=None, proxies=None, verify=False,                     debug=0 </msg>
<arg>weather_api</arg>
<arg>${BASE_URL}</arg>
<doc>Create Session: create a HTTP session to a server</doc>
<status status="PASS" start="2024-11-04T22:02:15.936732" elapsed="0.000000"/>
</kw>
<status status="PASS" start="2024-11-04T22:02:15.936732" elapsed="0.000000"/>
</kw>
<kw name="GET On Session" owner="RequestsLibrary">
<msg time="2024-11-04T22:02:16.319370" level="INFO">GET Request : url=https://api.openweathermap.org/data/2.5/weather?q=Sri%20Lanka&amp;appid=a873024698c088ef8ecbceb087f13bb2 
 path_url=/data/2.5/weather?q=Sri%20Lanka&amp;appid=a873024698c088ef8ecbceb087f13bb2 
 headers={'User-Agent': 'python-requests/2.32.3', 'Accept-Encoding': 'gzip, deflate', 'Accept': '*/*', 'Connection': 'keep-alive'} 
 body=None 
 </msg>
<msg time="2024-11-04T22:02:16.319370" level="INFO">GET Response : url=https://api.openweathermap.org/data/2.5/weather?q=Sri%20Lanka&amp;appid=a873024698c088ef8ecbceb087f13bb2 
 status=200, reason=OK 
 headers={'Server': 'openresty', 'Date': 'Mon, 04 Nov 2024 16:32:17 GMT', 'Content-Type': 'application/json; charset=utf-8', 'Content-Length': '507', 'Connection': 'keep-alive', 'X-Cache-Key': '/data/2.5/weather?q=sri%20lanka', 'Access-Control-Allow-Origin': '*', 'Access-Control-Allow-Credentials': 'true', 'Access-Control-Allow-Methods': 'GET, POST'} 
 body={"coord":{"lon":81,"lat":7},"weather":[{"id":500,"main":"Rain","description":"light rain","icon":"10n"}],"base":"stations","main":{"temp":293.85,"feels_like":294.43,"temp_min":293.85,"temp_max":293.85,"pressure":1014,"humidity":94,"sea_level":1014,"grnd_level":923},"visibility":7525,"wind":{"speed":0.48,"deg":328,"gust":0.53},"rain":{"1h":0.88},"clouds":{"all":100},"dt":1730737656,"sys":{"country":"LK","sunrise":1730679831,"sunset":1730722515},"timezone":19800,"id":1227603,"name":"Sri Lanka","cod":200} 
 </msg>
<msg time="2024-11-04T22:02:16.319370" level="INFO">${response} = &lt;Response [200]&gt;</msg>
<var>${response}</var>
<arg>weather_api</arg>
<arg>${Relative_URL}</arg>
<doc>Sends a GET request on a previously created HTTP Session.</doc>
<status status="PASS" start="2024-11-04T22:02:15.936732" elapsed="0.382638"/>
</kw>
<kw name="Should Be Equal As Strings" owner="BuiltIn">
<msg time="2024-11-04T22:02:16.320361" level="INFO">Argument types are:
&lt;class 'int'&gt;
&lt;class 'str'&gt;</msg>
<arg>${response.status_code}</arg>
<arg>200</arg>
<doc>Fails if objects are unequal after converting them to strings.</doc>
<status status="PASS" start="2024-11-04T22:02:16.320361" elapsed="0.000000"/>
</kw>
<kw name="Log To Console" owner="BuiltIn">
<arg>${response.status_code}</arg>
<doc>Logs the given message to the console.</doc>
<status status="PASS" start="2024-11-04T22:02:16.320361" elapsed="0.001178"/>
</kw>
<kw name="Evaluate" owner="BuiltIn">
<msg time="2024-11-04T22:02:16.322591" level="INFO">${pretty_json} = {
    "coord": {
        "lon": 81,
        "lat": 7
    },
    "weather": [
        {
            "id": 500,
            "main": "Rain",
            "description": "light rain",
            "icon": "...</msg>
<var>${pretty_json}</var>
<arg>json.dumps(json.loads('''${response.content}'''), indent=4)</arg>
<arg>json</arg>
<doc>Evaluates the given expression in Python and returns the result.</doc>
<status status="PASS" start="2024-11-04T22:02:16.321539" elapsed="0.001052"/>
</kw>
<kw name="Log To Console" owner="BuiltIn">
<arg>${pretty_json}</arg>
<doc>Logs the given message to the console.</doc>
<status status="PASS" start="2024-11-04T22:02:16.322769" elapsed="0.001383"/>
</kw>
<kw name="Log" owner="BuiltIn">
<msg time="2024-11-04T22:02:16.324152" level="INFO">Weather data content: {
    "coord": {
        "lon": 81,
        "lat": 7
    },
    "weather": [
        {
            "id": 500,
            "main": "Rain",
            "description": "light rain",
            "icon": "10n"
        }
    ],
    "base": "stations",
    "main": {
        "temp": 293.85,
        "feels_like": 294.43,
        "temp_min": 293.85,
        "temp_max": 293.85,
        "pressure": 1014,
        "humidity": 94,
        "sea_level": 1014,
        "grnd_level": 923
    },
    "visibility": 7525,
    "wind": {
        "speed": 0.48,
        "deg": 328,
        "gust": 0.53
    },
    "rain": {
        "1h": 0.88
    },
    "clouds": {
        "all": 100
    },
    "dt": 1730737656,
    "sys": {
        "country": "LK",
        "sunrise": 1730679831,
        "sunset": 1730722515
    },
    "timezone": 19800,
    "id": 1227603,
    "name": "Sri Lanka",
    "cod": 200
}</msg>
<arg>Weather data content: ${pretty_json}</arg>
<doc>Logs the given message with the given level.</doc>
<status status="PASS" start="2024-11-04T22:02:16.324152" elapsed="0.000000"/>
</kw>
<kw name="Evaluate" owner="BuiltIn">
<msg time="2024-11-04T22:02:16.325149" level="INFO">${pretty_headers} = {
    "Server": "openresty",
    "Date": "Mon, 04 Nov 2024 16:32:17 GMT",
    "Content-Type": "application/json; charset=utf-8",
    "Content-Length": "507",
    "Connection": "keep-alive",
    "X-Cac...</msg>
<var>${pretty_headers}</var>
<arg>json.dumps(dict(${response.headers}), indent=4)</arg>
<arg>json</arg>
<doc>Evaluates the given expression in Python and returns the result.</doc>
<status status="PASS" start="2024-11-04T22:02:16.325149" elapsed="0.000000"/>
</kw>
<kw name="Log To Console" owner="BuiltIn">
<arg>${pretty_headers}</arg>
<doc>Logs the given message to the console.</doc>
<status status="PASS" start="2024-11-04T22:02:16.325149" elapsed="0.001045"/>
</kw>
<kw name="Log" owner="BuiltIn">
<msg time="2024-11-04T22:02:16.326194" level="INFO">Weather data headers: {
    "Server": "openresty",
    "Date": "Mon, 04 Nov 2024 16:32:17 GMT",
    "Content-Type": "application/json; charset=utf-8",
    "Content-Length": "507",
    "Connection": "keep-alive",
    "X-Cache-Key": "/data/2.5/weather?q=sri%20lanka",
    "Access-Control-Allow-Origin": "*",
    "Access-Control-Allow-Credentials": "true",
    "Access-Control-Allow-Methods": "GET, POST"
}</msg>
<arg>Weather data headers: ${pretty_headers}</arg>
<doc>Logs the given message with the given level.</doc>
<status status="PASS" start="2024-11-04T22:02:16.326194" elapsed="0.000000"/>
</kw>
<doc>Get weather data for Sri Lanka</doc>
<status status="PASS" start="2024-11-04T22:02:15.935266" elapsed="0.390928"/>
</test>
<status status="PASS" start="2024-11-04T22:02:15.674092" elapsed="0.653091"/>
</suite>
<statistics>
<total>
<stat pass="1" fail="0" skip="0">All Tests</stat>
</total>
<tag>
</tag>
<suite>
<stat pass="1" fail="0" skip="0" id="s1" name="Weather Test">Weather Test</stat>
</suite>
</statistics>
<errors>
</errors>
</robot>
